<?xml version="1.0" encoding="UTF-8"?>
<!-- Generated by org.testng.reporters.JUnitReportReporter -->
<testsuite hostname="DESKTOP-DSBT63E" failures="0" tests="1" name="com.cucumber.TestRunner.UserGuidelinesRunner" time="31.395" errors="0" timestamp="27 Mar 2024 14:36:16 GMT">
  <testcase classname="com.cucumber.TestRunner.UserGuidelinesRunner" name="feature" time="31.395"/>
</testsuite> <!-- com.cucumber.TestRunner.UserGuidelinesRunner -->
