<?xml version="1.0" encoding="UTF-8"?>
<!-- Generated by org.testng.reporters.JUnitReportReporter -->
<testsuite hostname="DESKTOP-DSBT63E" failures="0" tests="1" name="com.cucumber.TestRunner.UserInternalPrintingByUploadInvalidCSVFileRunner" time="40.497" errors="0" timestamp="28 Mar 2024 07:25:28 GMT">
  <testcase classname="com.cucumber.TestRunner.UserInternalPrintingByUploadInvalidCSVFileRunner" name="feature" time="40.497"/>
</testsuite> <!-- com.cucumber.TestRunner.UserInternalPrintingByUploadInvalidCSVFileRunner -->
