<?xml version="1.0" encoding="UTF-8"?>
<!-- Generated by org.testng.reporters.JUnitReportReporter -->
<testsuite hostname="DESKTOP-DSBT63E" failures="0" tests="1" name="com.cucumber.TestRunner.UserGenSingleByUploadingJPEGfileRunner" time="19.049" errors="0" timestamp="27 Mar 2024 14:40:17 GMT">
  <testcase classname="com.cucumber.TestRunner.UserGenSingleByUploadingJPEGfileRunner" name="feature" time="19.049"/>
</testsuite> <!-- com.cucumber.TestRunner.UserGenSingleByUploadingJPEGfileRunner -->
