<?xml version="1.0" encoding="UTF-8"?>
<!-- Generated by org.testng.reporters.JUnitReportReporter -->
<testsuite hostname="DESKTOP-DSBT63E" failures="0" tests="1" name="com.cucumber.TestRunner.UserGenerateBulkByUploadingDOCXfileRunner" time="17.826" errors="0" timestamp="28 Mar 2024 17:00:20 GMT">
  <testcase classname="com.cucumber.TestRunner.UserGenerateBulkByUploadingDOCXfileRunner" name="feature" time="17.826"/>
</testsuite> <!-- com.cucumber.TestRunner.UserGenerateBulkByUploadingDOCXfileRunner -->
