<?xml version="1.0" encoding="UTF-8"?>
<!-- Generated by org.testng.reporters.JUnitReportReporter -->
<testsuite hostname="DESKTOP-DSBT63E" failures="0" tests="1" name="com.cucumber.TestRunner.UserGenerateBulkWithoutSelectingCertificatetypeRunner" time="16.551" errors="0" timestamp="28 Mar 2024 17:00:20 GMT">
  <testcase classname="com.cucumber.TestRunner.UserGenerateBulkWithoutSelectingCertificatetypeRunner" name="feature" time="16.551"/>
</testsuite> <!-- com.cucumber.TestRunner.UserGenerateBulkWithoutSelectingCertificatetypeRunner -->
